<?xml version="1.0" encoding="UTF-8"?>
<testng-results ignored="0" total="1" passed="1" failed="0" skipped="0">
  <reporter-output>
  </reporter-output>
  <suite started-at="2022-02-23T11:08:25 IST" name="FedExSameDay" finished-at="2022-02-23T11:09:40 IST" duration-ms="75477">
    <groups>
    </groups>
    <test started-at="2022-02-23T11:08:25 IST" name="FedExSameDay Performance Testing" finished-at="2022-02-23T11:09:40 IST" duration-ms="75477">
      <class name="fdxsdtest.SeleniumFDXTests">
        <test-method signature="fedExSameDay()[pri:0, instance:fdxsdtest.SeleniumFDXTests@55536d9e]" started-at="2022-02-23T11:08:25 IST" name="fedExSameDay" finished-at="2022-02-23T11:09:40 IST" duration-ms="75394" status="PASS">
          <reporter-output>
          </reporter-output>
        </test-method> <!-- fedExSameDay -->
      </class> <!-- fdxsdtest.SeleniumFDXTests -->
    </test> <!-- FedExSameDay Performance Testing -->
  </suite> <!-- FedExSameDay -->
</testng-results>
